{"/home/alex/Project/seneca-search-mem/search-mem.js": {"path":"/home/alex/Project/seneca-search-mem/search-mem.js","statementMap":{"0":{"start":{"line":1,"column":19},"end":{"line":1,"column":40}},"1":{"start":{"line":5,"column":17},"end":{"line":5,"column":21}},"2":{"start":{"line":8,"column":2},"end":{"line":10,"column":3}},"3":{"start":{"line":9,"column":4},"end":{"line":9,"column":57}},"4":{"start":{"line":12,"column":36},"end":{"line":12,"column":43}},"5":{"start":{"line":13,"column":21},"end":{"line":13,"column":50}},"6":{"start":{"line":34,"column":22},"end":{"line":34,"column":31}},"7":{"start":{"line":37,"column":2},"end":{"line":76,"column":4}},"8":{"start":{"line":38,"column":4},"end":{"line":47,"column":5}},"9":{"start":{"line":39,"column":6},"end":{"line":46,"column":7}},"10":{"start":{"line":49,"column":20},"end":{"line":49,"column":23}},"11":{"start":{"line":52,"column":4},"end":{"line":61,"column":5}},"12":{"start":{"line":53,"column":6},"end":{"line":60,"column":7}},"13":{"start":{"line":63,"column":27},"end":{"line":63,"column":30}},"14":{"start":{"line":66,"column":4},"end":{"line":68,"column":5}},"15":{"start":{"line":67,"column":6},"end":{"line":67,"column":70}},"16":{"start":{"line":71,"column":4},"end":{"line":71,"column":23}},"17":{"start":{"line":72,"column":4},"end":{"line":72,"column":32}},"18":{"start":{"line":75,"column":4},"end":{"line":75,"column":36}},"19":{"start":{"line":79,"column":2},"end":{"line":123,"column":4}},"20":{"start":{"line":80,"column":17},"end":{"line":80,"column":31}},"21":{"start":{"line":82,"column":4},"end":{"line":91,"column":5}},"22":{"start":{"line":83,"column":6},"end":{"line":90,"column":7}},"23":{"start":{"line":93,"column":22},"end":{"line":93,"column":25}},"24":{"start":{"line":100,"column":16},"end":{"line":100,"column":46}},"25":{"start":{"line":103,"column":17},"end":{"line":119,"column":6}},"26":{"start":{"line":104,"column":21},"end":{"line":104,"column":24}},"27":{"start":{"line":107,"column":21},"end":{"line":107,"column":52}},"28":{"start":{"line":109,"column":18},"end":{"line":115,"column":12}},"29":{"start":{"line":110,"column":8},"end":{"line":112,"column":9}},"30":{"start":{"line":111,"column":10},"end":{"line":111,"column":25}},"31":{"start":{"line":114,"column":8},"end":{"line":114,"column":18}},"32":{"start":{"line":118,"column":6},"end":{"line":118,"column":24}},"33":{"start":{"line":122,"column":4},"end":{"line":122,"column":52}},"34":{"start":{"line":126,"column":2},"end":{"line":153,"column":4}},"35":{"start":{"line":127,"column":4},"end":{"line":136,"column":5}},"36":{"start":{"line":128,"column":6},"end":{"line":135,"column":7}},"37":{"start":{"line":138,"column":27},"end":{"line":138,"column":30}},"38":{"start":{"line":141,"column":16},"end":{"line":141,"column":39}},"39":{"start":{"line":143,"column":4},"end":{"line":145,"column":5}},"40":{"start":{"line":144,"column":6},"end":{"line":144,"column":61}},"41":{"start":{"line":148,"column":4},"end":{"line":148,"column":26}},"42":{"start":{"line":149,"column":4},"end":{"line":149,"column":30}},"43":{"start":{"line":152,"column":4},"end":{"line":152,"column":36}},"44":{"start":{"line":156,"column":2},"end":{"line":156,"column":8}},"45":{"start":{"line":160,"column":0},"end":{"line":160,"column":27}}},"fnMap":{"0":{"name":"search_mem","decl":{"start":{"line":4,"column":9},"end":{"line":4,"column":19}},"loc":{"start":{"line":4,"column":29},"end":{"line":157,"column":1}},"line":4},"1":{"name":"(anonymous_1)","decl":{"start":{"line":37,"column":35},"end":{"line":37,"column":36}},"loc":{"start":{"line":37,"column":57},"end":{"line":76,"column":3}},"line":37},"2":{"name":"(anonymous_2)","decl":{"start":{"line":79,"column":38},"end":{"line":79,"column":39}},"loc":{"start":{"line":79,"column":60},"end":{"line":123,"column":3}},"line":79},"3":{"name":"(anonymous_3)","decl":{"start":{"line":103,"column":25},"end":{"line":103,"column":26}},"loc":{"start":{"line":103,"column":32},"end":{"line":119,"column":5}},"line":103},"4":{"name":"(anonymous_4)","decl":{"start":{"line":109,"column":32},"end":{"line":109,"column":33}},"loc":{"start":{"line":109,"column":44},"end":{"line":115,"column":7}},"line":109},"5":{"name":"(anonymous_5)","decl":{"start":{"line":126,"column":38},"end":{"line":126,"column":39}},"loc":{"start":{"line":126,"column":66},"end":{"line":153,"column":3}},"line":126}},"branchMap":{"0":{"loc":{"start":{"line":8,"column":2},"end":{"line":10,"column":3}},"type":"if","locations":[{"start":{"line":8,"column":2},"end":{"line":10,"column":3}},{"start":{},"end":{}}],"line":8},"1":{"loc":{"start":{"line":38,"column":4},"end":{"line":47,"column":5}},"type":"if","locations":[{"start":{"line":38,"column":4},"end":{"line":47,"column":5}},{"start":{},"end":{}}],"line":38},"2":{"loc":{"start":{"line":52,"column":4},"end":{"line":61,"column":5}},"type":"if","locations":[{"start":{"line":52,"column":4},"end":{"line":61,"column":5}},{"start":{},"end":{}}],"line":52},"3":{"loc":{"start":{"line":66,"column":4},"end":{"line":68,"column":5}},"type":"if","locations":[{"start":{"line":66,"column":4},"end":{"line":68,"column":5}},{"start":{},"end":{}}],"line":66},"4":{"loc":{"start":{"line":80,"column":17},"end":{"line":80,"column":31}},"type":"binary-expr","locations":[{"start":{"line":80,"column":17},"end":{"line":80,"column":25}},{"start":{"line":80,"column":29},"end":{"line":80,"column":31}}],"line":80},"5":{"loc":{"start":{"line":82,"column":4},"end":{"line":91,"column":5}},"type":"if","locations":[{"start":{"line":82,"column":4},"end":{"line":91,"column":5}},{"start":{},"end":{}}],"line":82},"6":{"loc":{"start":{"line":107,"column":21},"end":{"line":107,"column":52}},"type":"binary-expr","locations":[{"start":{"line":107,"column":21},"end":{"line":107,"column":46}},{"start":{"line":107,"column":50},"end":{"line":107,"column":52}}],"line":107},"7":{"loc":{"start":{"line":110,"column":8},"end":{"line":112,"column":9}},"type":"if","locations":[{"start":{"line":110,"column":8},"end":{"line":112,"column":9}},{"start":{},"end":{}}],"line":110},"8":{"loc":{"start":{"line":127,"column":4},"end":{"line":136,"column":5}},"type":"if","locations":[{"start":{"line":127,"column":4},"end":{"line":136,"column":5}},{"start":{},"end":{}}],"line":127},"9":{"loc":{"start":{"line":143,"column":4},"end":{"line":145,"column":5}},"type":"if","locations":[{"start":{"line":143,"column":4},"end":{"line":145,"column":5}},{"start":{},"end":{}}],"line":143}},"s":{"0":1,"1":1,"2":1,"3":0,"4":1,"5":1,"6":1,"7":1,"8":3,"9":0,"10":3,"11":3,"12":0,"13":3,"14":3,"15":0,"16":3,"17":3,"18":3,"19":1,"20":1,"21":1,"22":0,"23":1,"24":1,"25":1,"26":1,"27":1,"28":1,"29":2,"30":2,"31":2,"32":1,"33":1,"34":1,"35":3,"36":0,"37":3,"38":3,"39":3,"40":0,"41":3,"42":3,"43":3,"44":1,"45":1},"f":{"0":1,"1":3,"2":1,"3":1,"4":2,"5":3},"b":{"0":[0,1],"1":[0,3],"2":[0,3],"3":[0,3],"4":[1,1],"5":[0,1],"6":[1,0],"7":[2,0],"8":[0,3],"9":[0,3]},"_coverageSchema":"1a1c01bbd47fc00a2c39e90264f33305004495a9","hash":"800ca495d76d3aba7025a98ee06d4bc890c83d2e"}
}
