TN:
SF:search-mem.js
FN:4,search_mem
FN:37,(anonymous_1)
FN:79,(anonymous_2)
FN:103,(anonymous_3)
FN:109,(anonymous_4)
FN:126,(anonymous_5)
FNF:6
FNH:6
FNDA:1,search_mem
FNDA:3,(anonymous_1)
FNDA:1,(anonymous_2)
FNDA:1,(anonymous_3)
FNDA:2,(anonymous_4)
FNDA:3,(anonymous_5)
DA:1,1
DA:5,1
DA:8,1
DA:9,0
DA:12,1
DA:13,1
DA:34,1
DA:37,1
DA:38,3
DA:39,0
DA:49,3
DA:52,3
DA:53,0
DA:63,3
DA:66,3
DA:67,0
DA:71,3
DA:72,3
DA:75,3
DA:79,1
DA:80,1
DA:82,1
DA:83,0
DA:93,1
DA:100,1
DA:103,1
DA:104,1
DA:107,1
DA:109,1
DA:110,2
DA:111,2
DA:114,2
DA:118,1
DA:122,1
DA:126,1
DA:127,3
DA:128,0
DA:138,3
DA:141,3
DA:143,3
DA:144,0
DA:148,3
DA:149,3
DA:152,3
DA:156,1
DA:160,1
LF:46
LH:39
BRDA:8,0,0,0
BRDA:8,0,1,1
BRDA:38,1,0,0
BRDA:38,1,1,3
BRDA:52,2,0,0
BRDA:52,2,1,3
BRDA:66,3,0,0
BRDA:66,3,1,3
BRDA:80,4,0,1
BRDA:80,4,1,1
BRDA:82,5,0,0
BRDA:82,5,1,1
BRDA:107,6,0,1
BRDA:107,6,1,0
BRDA:110,7,0,2
BRDA:110,7,1,0
BRDA:127,8,0,0
BRDA:127,8,1,3
BRDA:143,9,0,0
BRDA:143,9,1,3
BRF:20
BRH:11
end_of_record
